{
  "RSpec": {
    "coverage": {
      "/home/ganesh/ganesh/contact_form/spec/rails_helper.rb": {
        "lines": [
          null,
          1,
          1,
          1,
          null,
          1,
          1,
          null,
          null,
          null,
          null,
          null,
          null,
          null,
          null,
          null,
          null,
          null,
          null,
          null,
          null,
          null,
          null,
          null,
          null,
          null,
          1,
          1,
          null,
          0,
          0,
          null,
          1,
          null,
          null,
          null,
          null,
          null,
          null,
          1,
          null,
          null,
          null,
          null,
          null,
          null,
          null,
          null,
          null,
          null,
          null,
          null,
          null,
          null,
          null,
          null,
          null,
          1,
          null,
          null,
          1,
          null,
          null,
          null,
          1,
          null,
          1,
          1,
          null,
          null,
          1,
          9,
          null,
          null,
          1,
          0,
          null,
          null,
          1,
          9,
          null,
          null,
          1,
          9,
          null,
          null,
          1,
          3,
          null,
          null,
          1,
          3,
          null,
          null
        ]
      },
      "/home/ganesh/ganesh/contact_form/config/environment.rb": {
        "lines": [
          null,
          1,
          null,
          null,
          1
        ]
      },
      "/home/ganesh/ganesh/contact_form/config/application.rb": {
        "lines": [
          1,
          null,
          1,
          null,
          1,
          1,
          1,
          1,
          1,
          1,
          1,
          null,
          1,
          null,
          null,
          null,
          1,
          null,
          1,
          1,
          null,
          1,
          null,
          null,
          null,
          null,
          null,
          null,
          null,
          null,
          1,
          null,
          1,
          1,
          null,
          null,
          null,
          null,
          null,
          null,
          1,
          null,
          null,
          null
        ]
      },
      "/home/ganesh/ganesh/contact_form/config/boot.rb": {
        "lines": [
          1,
          null,
          1
        ]
      },
      "/home/ganesh/ganesh/contact_form/config/environments/test.rb": {
        "lines": [
          1,
          null,
          null,
          null,
          null,
          null,
          null,
          1,
          null,
          null,
          null,
          null,
          1,
          null,
          null,
          1,
          1,
          null,
          null,
          null,
          null,
          1,
          1,
          null,
          null,
          1,
          null,
          null,
          1,
          1,
          null,
          null,
          null,
          null,
          1,
          null,
          null,
          1,
          null,
          null,
          null,
          null
        ]
      },
      "/home/ganesh/ganesh/contact_form/config/initializers/application_controller_renderer.rb": {
        "lines": [
          null,
          null,
          null,
          null,
          null,
          null,
          null,
          null
        ]
      },
      "/home/ganesh/ganesh/contact_form/config/initializers/backtrace_silencers.rb": {
        "lines": [
          null,
          null,
          null,
          null,
          null,
          null,
          null
        ]
      },
      "/home/ganesh/ganesh/contact_form/config/initializers/cors.rb": {
        "lines": [
          null,
          null,
          null,
          null,
          null,
          null,
          null,
          null,
          null,
          null,
          null,
          null,
          null,
          null,
          null,
          null
        ]
      },
      "/home/ganesh/ganesh/contact_form/config/initializers/filter_parameter_logging.rb": {
        "lines": [
          null,
          null,
          null,
          1
        ]
      },
      "/home/ganesh/ganesh/contact_form/config/initializers/inflections.rb": {
        "lines": [
          null,
          null,
          null,
          null,
          null,
          null,
          null,
          null,
          null,
          null,
          null,
          null,
          null,
          null,
          null,
          null
        ]
      },
      "/home/ganesh/ganesh/contact_form/config/initializers/mime_types.rb": {
        "lines": [
          null,
          null,
          null,
          null
        ]
      },
      "/home/ganesh/ganesh/contact_form/config/initializers/wrap_parameters.rb": {
        "lines": [
          null,
          null,
          null,
          null,
          null,
          null,
          1,
          2,
          null,
          null,
          null,
          null,
          null,
          null
        ]
      },
      "/home/ganesh/ganesh/contact_form/spec/factories/contacts.rb": {
        "lines": [
          1,
          1,
          1,
          1,
          1,
          1,
          1,
          null,
          null
        ]
      },
      "/home/ganesh/ganesh/contact_form/config/routes.rb": {
        "lines": [
          1,
          null,
          1,
          2,
          null,
          null,
          1,
          1,
          null,
          1,
          1,
          1,
          null,
          null,
          null,
          1,
          null
        ]
      },
      "/home/ganesh/ganesh/contact_form/spec/controllers/api/v1/contacts_controller_spec.rb": {
        "lines": [
          1,
          null,
          1,
          1,
          1,
          null,
          null,
          null,
          null,
          null,
          null,
          null,
          null,
          1,
          null,
          1,
          1,
          1,
          null,
          null,
          1,
          1,
          null,
          null,
          null,
          null,
          null,
          null,
          null,
          null,
          null,
          1,
          null,
          1,
          null,
          1,
          1,
          1,
          null,
          null,
          1,
          1,
          1,
          1,
          1,
          null,
          null,
          1,
          1,
          null,
          null,
          null,
          null,
          1,
          1,
          null,
          1,
          1,
          1,
          1,
          1,
          1,
          1,
          null,
          null
        ]
      },
      "/home/ganesh/ganesh/contact_form/app/controllers/api/v1/contacts_controller.rb": {
        "lines": [
          null,
          null,
          1,
          1,
          1,
          null,
          null,
          1,
          3,
          2,
          2,
          null,
          null,
          1,
          null,
          1,
          null,
          null,
          3,
          null,
          null
        ]
      },
      "/home/ganesh/ganesh/contact_form/app/controllers/application_controller.rb": {
        "lines": [
          1,
          null
        ]
      },
      "/home/ganesh/ganesh/contact_form/app/controllers/concerns/response.rb": {
        "lines": [
          null,
          null,
          1,
          1,
          3,
          null,
          null
        ]
      },
      "/home/ganesh/ganesh/contact_form/app/controllers/concerns/exception_handler.rb": {
        "lines": [
          null,
          null,
          1,
          1,
          null,
          1,
          1,
          1,
          null,
          null,
          null
        ]
      },
      "/home/ganesh/ganesh/contact_form/spec/mailers/contact_mailer_spec.rb": {
        "lines": [
          1,
          null,
          1,
          1,
          5,
          null,
          1,
          1,
          null,
          null,
          1,
          1,
          null,
          null,
          1,
          1,
          null,
          null,
          1,
          1,
          null,
          null,
          null
        ]
      },
      "/home/ganesh/ganesh/contact_form/app/mailers/contact_mailer.rb": {
        "lines": [
          1,
          1,
          6,
          6,
          null,
          null
        ]
      },
      "/home/ganesh/ganesh/contact_form/app/mailers/application_mailer.rb": {
        "lines": [
          1,
          1,
          1,
          null
        ]
      },
      "/home/ganesh/ganesh/contact_form/spec/models/contact_spec.rb": {
        "lines": [
          1,
          1,
          1,
          null,
          null,
          null,
          null,
          1,
          null,
          1,
          1,
          1,
          1,
          null,
          null,
          1,
          1,
          null,
          1,
          1,
          null,
          null
        ]
      },
      "/home/ganesh/ganesh/contact_form/app/models/contact.rb": {
        "lines": [
          1,
          1,
          1,
          null,
          null
        ]
      },
      "/home/ganesh/ganesh/contact_form/app/models/application_record.rb": {
        "lines": [
          1,
          1,
          null
        ]
      },
      "/home/ganesh/ganesh/contact_form/spec/requests/api/v1/contacts_request_spec.rb": {
        "lines": [
          1,
          null,
          1,
          null,
          null
        ]
      }
    },
    "timestamp": 1600920173
  }
}
